<?xml version="1.0" encoding="UTF-8"?>
<!-- Generated by org.testng.reporters.JUnitXMLReporter -->
<testsuite ignored="0" hostname="LAPTOP-K6D5BFPK" failures="1" tests="1" name="Verify_Listview_Multiple_Products_Checkout" time="58.824" errors="0" timestamp="2021-09-01T16:29:37 IST">
  <testcase classname="com.swaglabs.testcases.Verify_Listview_Multiple_Products_Checkout" name="listview_Checkout" time="42.879">
    <failure type="org.openqa.selenium.StaleElementReferenceException" message="androidx.test.uiautomator.StaleObjectException
For documentation on this error, please visit: https://www.seleniumhq.org/exceptions/stale_element_reference.html
Build info: version: &amp;apos;3.141.59&amp;apos;, revision: &amp;apos;e82be7d358&amp;apos;, time: &amp;apos;2018-11-14T08:17:03&amp;apos;
System info: host: &amp;apos;LAPTOP-K6D5BFPK&amp;apos;, ip: &amp;apos;192.168.29.34&amp;apos;, os.name: &amp;apos;Windows 10&amp;apos;, os.arch: &amp;apos;amd64&amp;apos;, os.version: &amp;apos;10.0&amp;apos;, java.version: &amp;apos;16.0.1&amp;apos;
Driver info: io.appium.java_client.AppiumDriver
Capabilities {appActivity: com.swaglabsmobileapp.Splas..., appPackage: com.swaglabsmobileapp, databaseEnabled: false, desired: {appActivity: com.swaglabsmobileapp.Splas..., appPackage: com.swaglabsmobileapp, deviceName: Redmi Note 7 Pro, platformName: android, platformVersion: 10 QKQ1.190915.002, udid: d9b3ca47}, deviceApiLevel: 29, deviceManufacturer: Xiaomi, deviceModel: Redmi Note 7 Pro, deviceName: d9b3ca47, deviceScreenDensity: 440, deviceScreenSize: 1080x2340, deviceUDID: d9b3ca47, javascriptEnabled: true, locationContextEnabled: false, networkConnectionEnabled: true, pixelRatio: 2.75, platform: LINUX, platformName: ANDROID, platformVersion: 10, statBarHeight: 80, takesScreenshot: true, udid: d9b3ca47, viewportRect: {height: 2051, left: 0, top: 80, width: 1080}, warnings: {}, webStorageEnabled: false}
Session ID: 76c170af-2ebe-4669-a04d-2ed35c7dd69f">
      <![CDATA[org.openqa.selenium.StaleElementReferenceException: androidx.test.uiautomator.StaleObjectException
For documentation on this error, please visit: https://www.seleniumhq.org/exceptions/stale_element_reference.html
Build info: version: '3.141.59', revision: 'e82be7d358', time: '2018-11-14T08:17:03'
System info: host: 'LAPTOP-K6D5BFPK', ip: '192.168.29.34', os.name: 'Windows 10', os.arch: 'amd64', os.version: '10.0', java.version: '16.0.1'
Driver info: io.appium.java_client.AppiumDriver
Capabilities {appActivity: com.swaglabsmobileapp.Splas..., appPackage: com.swaglabsmobileapp, databaseEnabled: false, desired: {appActivity: com.swaglabsmobileapp.Splas..., appPackage: com.swaglabsmobileapp, deviceName: Redmi Note 7 Pro, platformName: android, platformVersion: 10 QKQ1.190915.002, udid: d9b3ca47}, deviceApiLevel: 29, deviceManufacturer: Xiaomi, deviceModel: Redmi Note 7 Pro, deviceName: d9b3ca47, deviceScreenDensity: 440, deviceScreenSize: 1080x2340, deviceUDID: d9b3ca47, javascriptEnabled: true, locationContextEnabled: false, networkConnectionEnabled: true, pixelRatio: 2.75, platform: LINUX, platformName: ANDROID, platformVersion: 10, statBarHeight: 80, takesScreenshot: true, udid: d9b3ca47, viewportRect: {height: 2051, left: 0, top: 80, width: 1080}, warnings: {}, webStorageEnabled: false}
Session ID: 76c170af-2ebe-4669-a04d-2ed35c7dd69f
at org.openqa.selenium.remote.http.W3CHttpResponseCodec.createException(W3CHttpResponseCodec.java:187)
at org.openqa.selenium.remote.http.W3CHttpResponseCodec.decode(W3CHttpResponseCodec.java:122)
at org.openqa.selenium.remote.http.W3CHttpResponseCodec.decode(W3CHttpResponseCodec.java:49)
at org.openqa.selenium.remote.HttpCommandExecutor.execute(HttpCommandExecutor.java:158)
at io.appium.java_client.remote.AppiumCommandExecutor.execute(AppiumCommandExecutor.java:247)
at org.openqa.selenium.remote.RemoteWebDriver.execute(RemoteWebDriver.java:552)
at io.appium.java_client.DefaultGenericMobileDriver.execute(DefaultGenericMobileDriver.java:41)
at io.appium.java_client.AppiumDriver.execute(AppiumDriver.java:1)
at org.openqa.selenium.remote.RemoteWebElement.execute(RemoteWebElement.java:285)
at io.appium.java_client.DefaultGenericMobileElement.execute(DefaultGenericMobileElement.java:45)
at io.appium.java_client.MobileElement.execute(MobileElement.java:1)
at io.appium.java_client.android.AndroidElement.execute(AndroidElement.java:1)
at org.openqa.selenium.remote.RemoteWebElement.click(RemoteWebElement.java:84)
at com.swaglabs.page.Product_Page.menuClick(Product_Page.java:17)
at com.swaglabs.page.Product_Page.clickon_LogoutOption(Product_Page.java:181)
at com.swaglabs.testcases.Verify_Listview_Multiple_Products_Checkout.listview_Checkout(Verify_Listview_Multiple_Products_Checkout.java:62)
at java.base/java.util.ArrayList.forEach(ArrayList.java:1511)
... Removed 32 stack frames]]>
    </failure>
  </testcase> <!-- listview_Checkout -->
</testsuite> <!-- Verify_Listview_Multiple_Products_Checkout -->
