<?xml version="1.0" encoding="UTF-8"?>
<!-- Generated by org.testng.reporters.JUnitXMLReporter -->
<testsuite ignored="0" hostname="LAPTOP-K6D5BFPK" failures="0" tests="2" name="Verify_Product_Checkoutpage" time="42.978" errors="0" timestamp="2021-09-05T09:26:31 IST">
  <testcase classname="com.swaglabs.testcases.Verify_Product_Checkoutpage" name="product_Checkout_Validation" time="19.57"/>
  <testcase classname="com.swaglabs.testcases.Verify_Product_Checkoutpage" name="checkoutOverview" time="11.299"/>
</testsuite> <!-- Verify_Product_Checkoutpage -->
