<?xml version="1.0" encoding="UTF-8"?>
<testng-results ignored="0" total="1" passed="1" failed="0" skipped="0">
  <reporter-output>
  </reporter-output>
  <suite started-at="2021-09-01T16:26:06 IST" name="Default suite" finished-at="2021-09-01T16:27:09 IST" duration-ms="62582">
    <groups>
    </groups>
    <test started-at="2021-09-01T16:26:06 IST" name="Default test" finished-at="2021-09-01T16:27:09 IST" duration-ms="62582">
      <class name="com.swaglabs.testcases.Verify_Listview_Multiple_Products_Checkout">
        <test-method is-config="true" signature="applaunch()[pri:0, instance:com.swaglabs.testcases.Verify_Listview_Multiple_Products_Checkout@7188af83]" started-at="2021-09-01T16:26:06 IST" name="applaunch" finished-at="2021-09-01T16:26:18 IST" duration-ms="12486" status="PASS">
          <reporter-output>
          </reporter-output>
        </test-method> <!-- applaunch -->
        <test-method signature="listview_Checkout()[pri:0, instance:com.swaglabs.testcases.Verify_Listview_Multiple_Products_Checkout@7188af83]" started-at="2021-09-01T16:26:18 IST" name="listview_Checkout" finished-at="2021-09-01T16:27:06 IST" duration-ms="47341" status="PASS">
          <reporter-output>
          </reporter-output>
        </test-method> <!-- listview_Checkout -->
        <test-method is-config="true" signature="teardown()[pri:0, instance:com.swaglabs.testcases.Verify_Listview_Multiple_Products_Checkout@7188af83]" started-at="2021-09-01T16:27:06 IST" name="teardown" finished-at="2021-09-01T16:27:09 IST" duration-ms="2713" status="PASS">
          <reporter-output>
          </reporter-output>
        </test-method> <!-- teardown -->
      </class> <!-- com.swaglabs.testcases.Verify_Listview_Multiple_Products_Checkout -->
    </test> <!-- Default test -->
  </suite> <!-- Default suite -->
</testng-results>
