<?xml version="1.0" encoding="UTF-8"?>
<testng-results ignored="0" total="4" passed="4" failed="0" skipped="0">
  <reporter-output>
  </reporter-output>
  <suite started-at="2021-09-02T18:48:52 IST" name="Suite" finished-at="2021-09-02T18:53:12 IST" duration-ms="259195">
    <groups>
    </groups>
    <test started-at="2021-09-02T18:48:52 IST" name="Verify_Gridview_Checkout" finished-at="2021-09-02T18:50:21 IST" duration-ms="88756">
      <class name="com.swaglabs.testcases.Verify_Gridview_Checkout">
        <test-method is-config="true" signature="applaunch()[pri:0, instance:com.swaglabs.testcases.Verify_Gridview_Checkout@f1da57d]" started-at="2021-09-02T18:48:52 IST" name="applaunch" finished-at="2021-09-02T18:49:05 IST" duration-ms="12397" status="PASS">
          <reporter-output>
          </reporter-output>
        </test-method> <!-- applaunch -->
        <test-method signature="Checkout()[pri:0, instance:com.swaglabs.testcases.Verify_Gridview_Checkout@f1da57d]" started-at="2021-09-02T18:49:05 IST" name="Checkout" finished-at="2021-09-02T18:50:21 IST" duration-ms="75710" status="PASS">
          <reporter-output>
          </reporter-output>
        </test-method> <!-- Checkout -->
        <test-method is-config="true" signature="teardown()[pri:0, instance:com.swaglabs.testcases.Verify_Gridview_Checkout@f1da57d]" started-at="2021-09-02T18:50:21 IST" name="teardown" finished-at="2021-09-02T18:50:21 IST" duration-ms="615" status="PASS">
          <reporter-output>
          </reporter-output>
        </test-method> <!-- teardown -->
      </class> <!-- com.swaglabs.testcases.Verify_Gridview_Checkout -->
    </test> <!-- Verify_Gridview_Checkout -->
    <test started-at="2021-09-02T18:50:21 IST" name="Verify_Listview_Multiple_Products_Checkout" finished-at="2021-09-02T18:51:37 IST" duration-ms="75971">
      <class name="com.swaglabs.testcases.Verify_Listview_Multiple_Products_Checkout">
        <test-method is-config="true" signature="applaunch()[pri:0, instance:com.swaglabs.testcases.Verify_Listview_Multiple_Products_Checkout@7fb4f2a9]" started-at="2021-09-02T18:50:21 IST" name="applaunch" finished-at="2021-09-02T18:50:32 IST" duration-ms="11233" status="PASS">
          <reporter-output>
          </reporter-output>
        </test-method> <!-- applaunch -->
        <test-method signature="listview_MultipleProducts_Checkout()[pri:0, instance:com.swaglabs.testcases.Verify_Listview_Multiple_Products_Checkout@7fb4f2a9]" started-at="2021-09-02T18:50:32 IST" name="listview_MultipleProducts_Checkout" finished-at="2021-09-02T18:51:36 IST" duration-ms="63979" status="PASS">
          <reporter-output>
          </reporter-output>
        </test-method> <!-- listview_MultipleProducts_Checkout -->
        <test-method is-config="true" signature="teardown()[pri:0, instance:com.swaglabs.testcases.Verify_Listview_Multiple_Products_Checkout@7fb4f2a9]" started-at="2021-09-02T18:51:36 IST" name="teardown" finished-at="2021-09-02T18:51:37 IST" duration-ms="754" status="PASS">
          <reporter-output>
          </reporter-output>
        </test-method> <!-- teardown -->
      </class> <!-- com.swaglabs.testcases.Verify_Listview_Multiple_Products_Checkout -->
    </test> <!-- Verify_Listview_Multiple_Products_Checkout -->
    <test started-at="2021-09-02T18:51:37 IST" name="Verify_Listview_Add_Remove_Checkout" finished-at="2021-09-02T18:52:28 IST" duration-ms="50802">
      <class name="com.swaglabs.testcases.Verify_Listview_Add_Remove_Checkout">
        <test-method is-config="true" signature="applaunch()[pri:0, instance:com.swaglabs.testcases.Verify_Listview_Add_Remove_Checkout@7d3e8655]" started-at="2021-09-02T18:51:37 IST" name="applaunch" finished-at="2021-09-02T18:51:49 IST" duration-ms="11857" status="PASS">
          <reporter-output>
          </reporter-output>
        </test-method> <!-- applaunch -->
        <test-method signature="listview_Checkout()[pri:0, instance:com.swaglabs.testcases.Verify_Listview_Add_Remove_Checkout@7d3e8655]" started-at="2021-09-02T18:51:49 IST" name="listview_Checkout" finished-at="2021-09-02T18:52:27 IST" duration-ms="38342" status="PASS">
          <reporter-output>
          </reporter-output>
        </test-method> <!-- listview_Checkout -->
        <test-method is-config="true" signature="teardown()[pri:0, instance:com.swaglabs.testcases.Verify_Listview_Add_Remove_Checkout@7d3e8655]" started-at="2021-09-02T18:52:27 IST" name="teardown" finished-at="2021-09-02T18:52:28 IST" duration-ms="600" status="PASS">
          <reporter-output>
          </reporter-output>
        </test-method> <!-- teardown -->
      </class> <!-- com.swaglabs.testcases.Verify_Listview_Add_Remove_Checkout -->
    </test> <!-- Verify_Listview_Add_Remove_Checkout -->
    <test started-at="2021-09-02T18:52:28 IST" name="Verify_Product_Checkoutpage" finished-at="2021-09-02T18:53:12 IST" duration-ms="43599">
      <class name="com.swaglabs.testcases.Verify_Product_Checkoutpage">
        <test-method is-config="true" signature="applaunch()[pri:0, instance:com.swaglabs.testcases.Verify_Product_Checkoutpage@46d59067]" started-at="2021-09-02T18:52:28 IST" name="applaunch" finished-at="2021-09-02T18:52:39 IST" duration-ms="11084" status="PASS">
          <reporter-output>
          </reporter-output>
        </test-method> <!-- applaunch -->
        <test-method signature="product_Checkout_Validation()[pri:0, instance:com.swaglabs.testcases.Verify_Product_Checkoutpage@46d59067]" started-at="2021-09-02T18:52:39 IST" name="product_Checkout_Validation" finished-at="2021-09-02T18:53:11 IST" duration-ms="31818" status="PASS">
          <reporter-output>
          </reporter-output>
        </test-method> <!-- product_Checkout_Validation -->
        <test-method is-config="true" signature="teardown()[pri:0, instance:com.swaglabs.testcases.Verify_Product_Checkoutpage@46d59067]" started-at="2021-09-02T18:53:11 IST" name="teardown" finished-at="2021-09-02T18:53:12 IST" duration-ms="694" status="PASS">
          <reporter-output>
          </reporter-output>
        </test-method> <!-- teardown -->
      </class> <!-- com.swaglabs.testcases.Verify_Product_Checkoutpage -->
    </test> <!-- Verify_Product_Checkoutpage -->
  </suite> <!-- Suite -->
</testng-results>
